  BaseGame.cpp
C:\Program Files (x86)\Windows Kits\10\Include\10.0.22621.0\um\winbase.h(7810,48): warning C5039: 'TpSetCallbackCleanupGroup': pointer or reference to potentially throwing function passed to 'extern "C"' function under -EHc. Undefined behavior may occur if this function throws an exception.
  (compiling source file 'BaseGame.cpp')
  
C:\Program Files\Microsoft Visual Studio\2022\Enterprise\VC\Tools\MSVC\14.38.33130\include\xmemory(163,5): warning C4365: 'argument': conversion from 'long' to 'unsigned int', signed/unsigned mismatch
  (compiling source file 'BaseGame.cpp')
  
C:\Program Files\Microsoft Visual Studio\2022\Enterprise\VC\Tools\MSVC\14.38.33130\include\xmemory(173,5): warning C4365: 'argument': conversion from 'long' to 'unsigned int', signed/unsigned mismatch
  (compiling source file 'BaseGame.cpp')
  
C:\Program Files\Microsoft Visual Studio\2022\Enterprise\VC\Tools\MSVC\14.38.33130\include\atomic(105,9): warning C4365: 'argument': conversion from 'long' to 'unsigned int', signed/unsigned mismatch
  (compiling source file 'BaseGame.cpp')
  
C:\Program Files\Microsoft Visual Studio\2022\Enterprise\VC\Tools\MSVC\14.38.33130\include\atomic(360,9): warning C4365: 'argument': conversion from 'long' to 'unsigned int', signed/unsigned mismatch
  (compiling source file 'BaseGame.cpp')
  
C:\Program Files\Microsoft Visual Studio\2022\Enterprise\VC\Tools\MSVC\14.38.33130\include\atomic(376,9): warning C4365: 'argument': conversion from 'long' to 'unsigned int', signed/unsigned mismatch
  (compiling source file 'BaseGame.cpp')
  
C:\Dev\GameplayScroptong\gs-game-prototype-QuentinDemuynck-DAE\Engine\BaseGame.h(19,28): warning C4100: 'elapsedSec': unreferenced formal parameter
  (compiling source file 'BaseGame.cpp')
  
C:\Dev\GameplayScroptong\gs-game-prototype-QuentinDemuynck-DAE\Engine\BaseGame.h(29,60): warning C4100: 'e': unreferenced formal parameter
  (compiling source file 'BaseGame.cpp')
  
C:\Dev\GameplayScroptong\gs-game-prototype-QuentinDemuynck-DAE\Engine\BaseGame.h(33,58): warning C4100: 'e': unreferenced formal parameter
  (compiling source file 'BaseGame.cpp')
  
C:\Dev\GameplayScroptong\gs-game-prototype-QuentinDemuynck-DAE\Engine\BaseGame.h(37,67): warning C4100: 'e': unreferenced formal parameter
  (compiling source file 'BaseGame.cpp')
  
C:\Dev\GameplayScroptong\gs-game-prototype-QuentinDemuynck-DAE\Engine\BaseGame.h(41,65): warning C4100: 'e': unreferenced formal parameter
  (compiling source file 'BaseGame.cpp')
  
C:\Dev\GameplayScroptong\gs-game-prototype-QuentinDemuynck-DAE\Engine\BaseGame.h(45,63): warning C4100: 'e': unreferenced formal parameter
  (compiling source file 'BaseGame.cpp')
  
  Matrix2x3.cpp
C:\Program Files (x86)\Windows Kits\10\Include\10.0.22621.0\um\winbase.h(7810,48): warning C5039: 'TpSetCallbackCleanupGroup': pointer or reference to potentially throwing function passed to 'extern "C"' function under -EHc. Undefined behavior may occur if this function throws an exception.
  (compiling source file 'Matrix2x3.cpp')
  
C:\Program Files\Microsoft Visual Studio\2022\Enterprise\VC\Tools\MSVC\14.38.33130\include\xmemory(163,5): warning C4365: 'argument': conversion from 'long' to 'unsigned int', signed/unsigned mismatch
  (compiling source file 'Matrix2x3.cpp')
  
C:\Program Files\Microsoft Visual Studio\2022\Enterprise\VC\Tools\MSVC\14.38.33130\include\xmemory(173,5): warning C4365: 'argument': conversion from 'long' to 'unsigned int', signed/unsigned mismatch
  (compiling source file 'Matrix2x3.cpp')
  
C:\Program Files\Microsoft Visual Studio\2022\Enterprise\VC\Tools\MSVC\14.38.33130\include\atomic(105,9): warning C4365: 'argument': conversion from 'long' to 'unsigned int', signed/unsigned mismatch
  (compiling source file 'Matrix2x3.cpp')
  
C:\Program Files\Microsoft Visual Studio\2022\Enterprise\VC\Tools\MSVC\14.38.33130\include\atomic(360,9): warning C4365: 'argument': conversion from 'long' to 'unsigned int', signed/unsigned mismatch
  (compiling source file 'Matrix2x3.cpp')
  
C:\Program Files\Microsoft Visual Studio\2022\Enterprise\VC\Tools\MSVC\14.38.33130\include\atomic(376,9): warning C4365: 'argument': conversion from 'long' to 'unsigned int', signed/unsigned mismatch
  (compiling source file 'Matrix2x3.cpp')
  
  SoundEffect.cpp
C:\Program Files (x86)\Windows Kits\10\Include\10.0.22621.0\um\winbase.h(7810,48): warning C5039: 'TpSetCallbackCleanupGroup': pointer or reference to potentially throwing function passed to 'extern "C"' function under -EHc. Undefined behavior may occur if this function throws an exception.
  (compiling source file 'SoundEffect.cpp')
  
C:\Program Files\Microsoft Visual Studio\2022\Enterprise\VC\Tools\MSVC\14.38.33130\include\xmemory(163,5): warning C4365: 'argument': conversion from 'long' to 'unsigned int', signed/unsigned mismatch
  (compiling source file 'SoundEffect.cpp')
  
C:\Program Files\Microsoft Visual Studio\2022\Enterprise\VC\Tools\MSVC\14.38.33130\include\xmemory(173,5): warning C4365: 'argument': conversion from 'long' to 'unsigned int', signed/unsigned mismatch
  (compiling source file 'SoundEffect.cpp')
  
C:\Program Files\Microsoft Visual Studio\2022\Enterprise\VC\Tools\MSVC\14.38.33130\include\atomic(105,9): warning C4365: 'argument': conversion from 'long' to 'unsigned int', signed/unsigned mismatch
  (compiling source file 'SoundEffect.cpp')
  
C:\Program Files\Microsoft Visual Studio\2022\Enterprise\VC\Tools\MSVC\14.38.33130\include\atomic(360,9): warning C4365: 'argument': conversion from 'long' to 'unsigned int', signed/unsigned mismatch
  (compiling source file 'SoundEffect.cpp')
  
C:\Program Files\Microsoft Visual Studio\2022\Enterprise\VC\Tools\MSVC\14.38.33130\include\atomic(376,9): warning C4365: 'argument': conversion from 'long' to 'unsigned int', signed/unsigned mismatch
  (compiling source file 'SoundEffect.cpp')
  
C:\Dev\GameplayScroptong\gs-game-prototype-QuentinDemuynck-DAE\Engine\SoundEffect.h(3,7): warning C4099: 'Mix_Chunk': type name first seen using 'struct' now seen using 'class'
  (compiling source file 'SoundEffect.cpp')
  C:\Dev\GameplayScroptong\gs-game-prototype-QuentinDemuynck-DAE\Libraries\SDLMixer\SDL2_mixer-2.6.3\include\SDL_mixer.h(228,16):
  see declaration of 'Mix_Chunk'
  
  SoundStream.cpp
C:\Program Files (x86)\Windows Kits\10\Include\10.0.22621.0\um\winbase.h(7810,48): warning C5039: 'TpSetCallbackCleanupGroup': pointer or reference to potentially throwing function passed to 'extern "C"' function under -EHc. Undefined behavior may occur if this function throws an exception.
  (compiling source file 'SoundStream.cpp')
  
C:\Program Files\Microsoft Visual Studio\2022\Enterprise\VC\Tools\MSVC\14.38.33130\include\xmemory(163,5): warning C4365: 'argument': conversion from 'long' to 'unsigned int', signed/unsigned mismatch
  (compiling source file 'SoundStream.cpp')
  
C:\Program Files\Microsoft Visual Studio\2022\Enterprise\VC\Tools\MSVC\14.38.33130\include\xmemory(173,5): warning C4365: 'argument': conversion from 'long' to 'unsigned int', signed/unsigned mismatch
  (compiling source file 'SoundStream.cpp')
  
C:\Program Files\Microsoft Visual Studio\2022\Enterprise\VC\Tools\MSVC\14.38.33130\include\atomic(105,9): warning C4365: 'argument': conversion from 'long' to 'unsigned int', signed/unsigned mismatch
  (compiling source file 'SoundStream.cpp')
  
C:\Program Files\Microsoft Visual Studio\2022\Enterprise\VC\Tools\MSVC\14.38.33130\include\atomic(360,9): warning C4365: 'argument': conversion from 'long' to 'unsigned int', signed/unsigned mismatch
  (compiling source file 'SoundStream.cpp')
  
C:\Program Files\Microsoft Visual Studio\2022\Enterprise\VC\Tools\MSVC\14.38.33130\include\atomic(376,9): warning C4365: 'argument': conversion from 'long' to 'unsigned int', signed/unsigned mismatch
  (compiling source file 'SoundStream.cpp')
  
  structs.cpp
C:\Program Files (x86)\Windows Kits\10\Include\10.0.22621.0\um\winbase.h(7810,48): warning C5039: 'TpSetCallbackCleanupGroup': pointer or reference to potentially throwing function passed to 'extern "C"' function under -EHc. Undefined behavior may occur if this function throws an exception.
  (compiling source file 'structs.cpp')
  
C:\Program Files\Microsoft Visual Studio\2022\Enterprise\VC\Tools\MSVC\14.38.33130\include\xmemory(163,5): warning C4365: 'argument': conversion from 'long' to 'unsigned int', signed/unsigned mismatch
  (compiling source file 'structs.cpp')
  
C:\Program Files\Microsoft Visual Studio\2022\Enterprise\VC\Tools\MSVC\14.38.33130\include\xmemory(173,5): warning C4365: 'argument': conversion from 'long' to 'unsigned int', signed/unsigned mismatch
  (compiling source file 'structs.cpp')
  
  SVGParser.cpp
C:\Program Files (x86)\Windows Kits\10\Include\10.0.22621.0\um\winbase.h(7810,48): warning C5039: 'TpSetCallbackCleanupGroup': pointer or reference to potentially throwing function passed to 'extern "C"' function under -EHc. Undefined behavior may occur if this function throws an exception.
  (compiling source file 'SVGParser.cpp')
  
C:\Program Files\Microsoft Visual Studio\2022\Enterprise\VC\Tools\MSVC\14.38.33130\include\xmemory(163,5): warning C4365: 'argument': conversion from 'long' to 'unsigned int', signed/unsigned mismatch
  (compiling source file 'SVGParser.cpp')
  
C:\Program Files\Microsoft Visual Studio\2022\Enterprise\VC\Tools\MSVC\14.38.33130\include\xmemory(173,5): warning C4365: 'argument': conversion from 'long' to 'unsigned int', signed/unsigned mismatch
  (compiling source file 'SVGParser.cpp')
  
C:\Program Files\Microsoft Visual Studio\2022\Enterprise\VC\Tools\MSVC\14.38.33130\include\atomic(105,9): warning C4365: 'argument': conversion from 'long' to 'unsigned int', signed/unsigned mismatch
  (compiling source file 'SVGParser.cpp')
  
C:\Program Files\Microsoft Visual Studio\2022\Enterprise\VC\Tools\MSVC\14.38.33130\include\atomic(360,9): warning C4365: 'argument': conversion from 'long' to 'unsigned int', signed/unsigned mismatch
  (compiling source file 'SVGParser.cpp')
  
C:\Program Files\Microsoft Visual Studio\2022\Enterprise\VC\Tools\MSVC\14.38.33130\include\atomic(376,9): warning C4365: 'argument': conversion from 'long' to 'unsigned int', signed/unsigned mismatch
  (compiling source file 'SVGParser.cpp')
  
  Texture.cpp
C:\Program Files (x86)\Windows Kits\10\Include\10.0.22621.0\um\winbase.h(7810,48): warning C5039: 'TpSetCallbackCleanupGroup': pointer or reference to potentially throwing function passed to 'extern "C"' function under -EHc. Undefined behavior may occur if this function throws an exception.
  (compiling source file 'Texture.cpp')
  
C:\Program Files\Microsoft Visual Studio\2022\Enterprise\VC\Tools\MSVC\14.38.33130\include\xmemory(163,5): warning C4365: 'argument': conversion from 'long' to 'unsigned int', signed/unsigned mismatch
  (compiling source file 'Texture.cpp')
  
C:\Program Files\Microsoft Visual Studio\2022\Enterprise\VC\Tools\MSVC\14.38.33130\include\xmemory(173,5): warning C4365: 'argument': conversion from 'long' to 'unsigned int', signed/unsigned mismatch
  (compiling source file 'Texture.cpp')
  
C:\Program Files\Microsoft Visual Studio\2022\Enterprise\VC\Tools\MSVC\14.38.33130\include\atomic(105,9): warning C4365: 'argument': conversion from 'long' to 'unsigned int', signed/unsigned mismatch
  (compiling source file 'Texture.cpp')
  
C:\Program Files\Microsoft Visual Studio\2022\Enterprise\VC\Tools\MSVC\14.38.33130\include\atomic(360,9): warning C4365: 'argument': conversion from 'long' to 'unsigned int', signed/unsigned mismatch
  (compiling source file 'Texture.cpp')
  
C:\Program Files\Microsoft Visual Studio\2022\Enterprise\VC\Tools\MSVC\14.38.33130\include\atomic(376,9): warning C4365: 'argument': conversion from 'long' to 'unsigned int', signed/unsigned mismatch
  (compiling source file 'Texture.cpp')
  
  utils.cpp
C:\Program Files (x86)\Windows Kits\10\Include\10.0.22621.0\um\winbase.h(7810,48): warning C5039: 'TpSetCallbackCleanupGroup': pointer or reference to potentially throwing function passed to 'extern "C"' function under -EHc. Undefined behavior may occur if this function throws an exception.
  (compiling source file 'utils.cpp')
  
C:\Program Files\Microsoft Visual Studio\2022\Enterprise\VC\Tools\MSVC\14.38.33130\include\xmemory(163,5): warning C4365: 'argument': conversion from 'long' to 'unsigned int', signed/unsigned mismatch
  (compiling source file 'utils.cpp')
  
C:\Program Files\Microsoft Visual Studio\2022\Enterprise\VC\Tools\MSVC\14.38.33130\include\xmemory(173,5): warning C4365: 'argument': conversion from 'long' to 'unsigned int', signed/unsigned mismatch
  (compiling source file 'utils.cpp')
  
C:\Program Files\Microsoft Visual Studio\2022\Enterprise\VC\Tools\MSVC\14.38.33130\include\atomic(105,9): warning C4365: 'argument': conversion from 'long' to 'unsigned int', signed/unsigned mismatch
  (compiling source file 'utils.cpp')
  
C:\Program Files\Microsoft Visual Studio\2022\Enterprise\VC\Tools\MSVC\14.38.33130\include\atomic(360,9): warning C4365: 'argument': conversion from 'long' to 'unsigned int', signed/unsigned mismatch
  (compiling source file 'utils.cpp')
  
C:\Program Files\Microsoft Visual Studio\2022\Enterprise\VC\Tools\MSVC\14.38.33130\include\atomic(376,9): warning C4365: 'argument': conversion from 'long' to 'unsigned int', signed/unsigned mismatch
  (compiling source file 'utils.cpp')
  
  Vector2f.cpp
C:\Program Files (x86)\Windows Kits\10\Include\10.0.22621.0\um\winbase.h(7810,48): warning C5039: 'TpSetCallbackCleanupGroup': pointer or reference to potentially throwing function passed to 'extern "C"' function under -EHc. Undefined behavior may occur if this function throws an exception.
  (compiling source file 'Vector2f.cpp')
  
C:\Program Files\Microsoft Visual Studio\2022\Enterprise\VC\Tools\MSVC\14.38.33130\include\xmemory(163,5): warning C4365: 'argument': conversion from 'long' to 'unsigned int', signed/unsigned mismatch
  (compiling source file 'Vector2f.cpp')
  
C:\Program Files\Microsoft Visual Studio\2022\Enterprise\VC\Tools\MSVC\14.38.33130\include\xmemory(173,5): warning C4365: 'argument': conversion from 'long' to 'unsigned int', signed/unsigned mismatch
  (compiling source file 'Vector2f.cpp')
  
C:\Program Files\Microsoft Visual Studio\2022\Enterprise\VC\Tools\MSVC\14.38.33130\include\atomic(105,9): warning C4365: 'argument': conversion from 'long' to 'unsigned int', signed/unsigned mismatch
  (compiling source file 'Vector2f.cpp')
  
C:\Program Files\Microsoft Visual Studio\2022\Enterprise\VC\Tools\MSVC\14.38.33130\include\atomic(360,9): warning C4365: 'argument': conversion from 'long' to 'unsigned int', signed/unsigned mismatch
  (compiling source file 'Vector2f.cpp')
  
C:\Program Files\Microsoft Visual Studio\2022\Enterprise\VC\Tools\MSVC\14.38.33130\include\atomic(376,9): warning C4365: 'argument': conversion from 'long' to 'unsigned int', signed/unsigned mismatch
  (compiling source file 'Vector2f.cpp')
  
  Generating Code...
C:\Dev\GameplayScroptong\gs-game-prototype-QuentinDemuynck-DAE\Engine\utils.cpp(37): warning C5045: Compiler will insert Spectre mitigation for memory load if /Qspectre switch specified
C:\Dev\GameplayScroptong\gs-game-prototype-QuentinDemuynck-DAE\Engine\utils.cpp(35): message : index 'idx' range checked by comparison on this line
C:\Dev\GameplayScroptong\gs-game-prototype-QuentinDemuynck-DAE\Engine\utils.cpp(37): message : feeds call on this line
C:\Dev\GameplayScroptong\gs-game-prototype-QuentinDemuynck-DAE\Engine\utils.cpp(93): warning C5045: Compiler will insert Spectre mitigation for memory load if /Qspectre switch specified
C:\Dev\GameplayScroptong\gs-game-prototype-QuentinDemuynck-DAE\Engine\utils.cpp(84): message : index 'height' range checked by comparison on this line
C:\Dev\GameplayScroptong\gs-game-prototype-QuentinDemuynck-DAE\Engine\utils.cpp(93): message : feeds call on this line
C:\Dev\GameplayScroptong\gs-game-prototype-QuentinDemuynck-DAE\Engine\utils.cpp(119): warning C5045: Compiler will insert Spectre mitigation for memory load if /Qspectre switch specified
C:\Dev\GameplayScroptong\gs-game-prototype-QuentinDemuynck-DAE\Engine\utils.cpp(111): message : index 'height' range checked by comparison on this line
C:\Dev\GameplayScroptong\gs-game-prototype-QuentinDemuynck-DAE\Engine\utils.cpp(119): message : feeds call on this line
C:\Dev\GameplayScroptong\gs-game-prototype-QuentinDemuynck-DAE\Engine\utils.cpp(147): warning C5045: Compiler will insert Spectre mitigation for memory load if /Qspectre switch specified
C:\Dev\GameplayScroptong\gs-game-prototype-QuentinDemuynck-DAE\Engine\utils.cpp(145): message : index 'angle' range checked by comparison on this line
C:\Dev\GameplayScroptong\gs-game-prototype-QuentinDemuynck-DAE\Engine\utils.cpp(147): message : feeds call on this line
C:\Dev\GameplayScroptong\gs-game-prototype-QuentinDemuynck-DAE\Engine\utils.cpp(142): warning C5045: Compiler will insert Spectre mitigation for memory load if /Qspectre switch specified
C:\Dev\GameplayScroptong\gs-game-prototype-QuentinDemuynck-DAE\Engine\utils.cpp(137): message : index 'lineWidth' range checked by comparison on this line
C:\Dev\GameplayScroptong\gs-game-prototype-QuentinDemuynck-DAE\Engine\utils.cpp(142): message : feeds call on this line
C:\Dev\GameplayScroptong\gs-game-prototype-QuentinDemuynck-DAE\Engine\utils.cpp(175): warning C5045: Compiler will insert Spectre mitigation for memory load if /Qspectre switch specified
C:\Dev\GameplayScroptong\gs-game-prototype-QuentinDemuynck-DAE\Engine\utils.cpp(173): message : index 'angle' range checked by comparison on this line
C:\Dev\GameplayScroptong\gs-game-prototype-QuentinDemuynck-DAE\Engine\utils.cpp(175): message : feeds call on this line
C:\Dev\GameplayScroptong\gs-game-prototype-QuentinDemuynck-DAE\Engine\utils.cpp(206): warning C5045: Compiler will insert Spectre mitigation for memory load if /Qspectre switch specified
C:\Dev\GameplayScroptong\gs-game-prototype-QuentinDemuynck-DAE\Engine\utils.cpp(204): message : index 'angle' range checked by comparison on this line
C:\Dev\GameplayScroptong\gs-game-prototype-QuentinDemuynck-DAE\Engine\utils.cpp(206): message : feeds call on this line
C:\Dev\GameplayScroptong\gs-game-prototype-QuentinDemuynck-DAE\Engine\utils.cpp(232): warning C5045: Compiler will insert Spectre mitigation for memory load if /Qspectre switch specified
C:\Dev\GameplayScroptong\gs-game-prototype-QuentinDemuynck-DAE\Engine\utils.cpp(230): message : index 'angle' range checked by comparison on this line
C:\Dev\GameplayScroptong\gs-game-prototype-QuentinDemuynck-DAE\Engine\utils.cpp(232): message : feeds call on this line
C:\Dev\GameplayScroptong\gs-game-prototype-QuentinDemuynck-DAE\Engine\utils.cpp(256): warning C5045: Compiler will insert Spectre mitigation for memory load if /Qspectre switch specified
C:\Dev\GameplayScroptong\gs-game-prototype-QuentinDemuynck-DAE\Engine\utils.cpp(254): message : index 'idx' range checked by comparison on this line
C:\Dev\GameplayScroptong\gs-game-prototype-QuentinDemuynck-DAE\Engine\utils.cpp(256): message : feeds call on this line
C:\Dev\GameplayScroptong\gs-game-prototype-QuentinDemuynck-DAE\Engine\utils.cpp(273): warning C5045: Compiler will insert Spectre mitigation for memory load if /Qspectre switch specified
C:\Dev\GameplayScroptong\gs-game-prototype-QuentinDemuynck-DAE\Engine\utils.cpp(271): message : index 'idx' range checked by comparison on this line
C:\Dev\GameplayScroptong\gs-game-prototype-QuentinDemuynck-DAE\Engine\utils.cpp(273): message : feeds call on this line
C:\Dev\GameplayScroptong\gs-game-prototype-QuentinDemuynck-DAE\Engine\utils.cpp(402): warning C5045: Compiler will insert Spectre mitigation for memory load if /Qspectre switch specified
C:\Dev\GameplayScroptong\gs-game-prototype-QuentinDemuynck-DAE\Engine\utils.cpp(400): message : index 'i' range checked by comparison on this line
C:\Dev\GameplayScroptong\gs-game-prototype-QuentinDemuynck-DAE\Engine\utils.cpp(402): message : feeds call on this line
C:\Dev\GameplayScroptong\gs-game-prototype-QuentinDemuynck-DAE\Engine\utils.cpp(466): warning C5045: Compiler will insert Spectre mitigation for memory load if /Qspectre switch specified
C:\Dev\GameplayScroptong\gs-game-prototype-QuentinDemuynck-DAE\Engine\utils.cpp(464): message : index 'i' range checked by comparison on this line
C:\Dev\GameplayScroptong\gs-game-prototype-QuentinDemuynck-DAE\Engine\utils.cpp(466): message : feeds call on this line
C:\Dev\GameplayScroptong\gs-game-prototype-QuentinDemuynck-DAE\Engine\utils.cpp(393): warning C5045: Compiler will insert Spectre mitigation for memory load if /Qspectre switch specified
C:\Dev\GameplayScroptong\gs-game-prototype-QuentinDemuynck-DAE\Engine\utils.cpp(391): message : index 'i' range checked by comparison on this line
C:\Dev\GameplayScroptong\gs-game-prototype-QuentinDemuynck-DAE\Engine\utils.cpp(393): message : feeds call on this line
C:\Dev\GameplayScroptong\gs-game-prototype-QuentinDemuynck-DAE\Engine\SVGParser.cpp(56): warning C5045: Compiler will insert Spectre mitigation for memory load if /Qspectre switch specified
C:\Dev\GameplayScroptong\gs-game-prototype-QuentinDemuynck-DAE\Engine\SVGParser.cpp(53): message : index 'i' range checked by comparison on this line
C:\Dev\GameplayScroptong\gs-game-prototype-QuentinDemuynck-DAE\Engine\SVGParser.cpp(56): message : feeds call on this line
C:\Dev\GameplayScroptong\gs-game-prototype-QuentinDemuynck-DAE\Engine\Matrix2x3.cpp(67): warning C5045: Compiler will insert Spectre mitigation for memory load if /Qspectre switch specified
C:\Dev\GameplayScroptong\gs-game-prototype-QuentinDemuynck-DAE\Engine\Matrix2x3.cpp(65): message : index 'idx' range checked by comparison on this line
C:\Dev\GameplayScroptong\gs-game-prototype-QuentinDemuynck-DAE\Engine\Matrix2x3.cpp(67): message : feeds call on this line
C:\Dev\GameplayScroptong\gs-game-prototype-QuentinDemuynck-DAE\Engine\Matrix2x3.cpp(52): warning C5045: Compiler will insert Spectre mitigation for memory load if /Qspectre switch specified
C:\Dev\GameplayScroptong\gs-game-prototype-QuentinDemuynck-DAE\Engine\Matrix2x3.cpp(50): message : index 'idx' range checked by comparison on this line
C:\Dev\GameplayScroptong\gs-game-prototype-QuentinDemuynck-DAE\Engine\Matrix2x3.cpp(52): message : feeds call on this line
  Engine.vcxproj -> C:\Dev\GameplayScroptong\gs-game-prototype-QuentinDemuynck-DAE\x64\Debug\Engine.lib
